Apr-28 14:59:53.424 [main] DEBUG nextflow.cli.Launcher - $> /usr/bin/nextflow run https://github.com/KevinSayers/NFTest
Apr-28 14:59:53.511 [main] INFO  nextflow.cli.CmdRun - N E X T F L O W  ~  version 0.24.1
Apr-28 14:59:53.628 [main] DEBUG nextflow.scm.AssetManager - Repository URL: https://github.com/KevinSayers/NFTest; Project: KevinSayers/NFTest; Hub provider: github
Apr-28 14:59:53.634 [main] INFO  nextflow.cli.CmdRun - Pulling KevinSayers/NFTest ...
Apr-28 14:59:53.635 [main] DEBUG nextflow.scm.RepositoryProvider - Request [credentials -:-] -> https://api.github.com/repos/KevinSayers/NFTest/contents/nextflow.config
Apr-28 14:59:54.514 [main] DEBUG nextflow.scm.RepositoryProvider - Request [credentials -:-] -> https://api.github.com/repos/KevinSayers/NFTest/contents/main.nf
Apr-28 14:59:54.872 [main] DEBUG nextflow.scm.RepositoryProvider - Request [credentials -:-] -> https://api.github.com/repos/KevinSayers/NFTest
Apr-28 14:59:55.270 [main] DEBUG nextflow.cli.Launcher - Operation aborted
java.io.FileNotFoundException: https://api.github.com/repos/KevinSayers/NFTest/contents/main.nf
	at sun.reflect.NativeConstructorAccessorImpl.newInstance0(Native Method)
	at sun.reflect.NativeConstructorAccessorImpl.newInstance(NativeConstructorAccessorImpl.java:62)
	at sun.reflect.DelegatingConstructorAccessorImpl.newInstance(DelegatingConstructorAccessorImpl.java:45)
	at java.lang.reflect.Constructor.newInstance(Constructor.java:423)
	at sun.net.www.protocol.http.HttpURLConnection$10.run(HttpURLConnection.java:1926)
	at sun.net.www.protocol.http.HttpURLConnection$10.run(HttpURLConnection.java:1921)
	at java.security.AccessController.doPrivileged(Native Method)
	at sun.net.www.protocol.http.HttpURLConnection.getChainedException(HttpURLConnection.java:1920)
	at sun.net.www.protocol.http.HttpURLConnection.getInputStream0(HttpURLConnection.java:1490)
	at sun.net.www.protocol.http.HttpURLConnection.getInputStream(HttpURLConnection.java:1474)
	at sun.net.www.protocol.https.HttpsURLConnectionImpl.getInputStream(HttpsURLConnectionImpl.java:254)
	at nextflow.scm.RepositoryProvider.invoke(RepositoryProvider.groovy:113)
	at nextflow.scm.RepositoryProvider.memoizedMethodPriv$invokeAndParseResponseString(RepositoryProvider.groovy:174)
	at sun.reflect.NativeMethodAccessorImpl.invoke0(Native Method)
	at sun.reflect.NativeMethodAccessorImpl.invoke(NativeMethodAccessorImpl.java:62)
	at sun.reflect.DelegatingMethodAccessorImpl.invoke(DelegatingMethodAccessorImpl.java:43)
	at java.lang.reflect.Method.invoke(Method.java:498)
	at org.codehaus.groovy.reflection.CachedMethod.invoke(CachedMethod.java:93)
	at groovy.lang.MetaMethod.doMethodInvoke(MetaMethod.java:325)
	at groovy.lang.MetaClassImpl.invokeMethod(MetaClassImpl.java:1218)
	at groovy.lang.MetaClassImpl.invokeMethod(MetaClassImpl.java:1027)
	at org.codehaus.groovy.runtime.InvokerHelper.invokePogoMethod(InvokerHelper.java:925)
	at org.codehaus.groovy.runtime.InvokerHelper.invokeMethod(InvokerHelper.java:908)
	at org.codehaus.groovy.runtime.InvokerHelper.invokeMethodSafe(InvokerHelper.java:76)
	at nextflow.scm.RepositoryProvider$_closure1.doCall(RepositoryProvider.groovy)
	at sun.reflect.NativeMethodAccessorImpl.invoke0(Native Method)
	at sun.reflect.NativeMethodAccessorImpl.invoke(NativeMethodAccessorImpl.java:62)
	at sun.reflect.DelegatingMethodAccessorImpl.invoke(DelegatingMethodAccessorImpl.java:43)
	at java.lang.reflect.Method.invoke(Method.java:498)
	at org.codehaus.groovy.reflection.CachedMethod.invoke(CachedMethod.java:93)
	at groovy.lang.MetaMethod.doMethodInvoke(MetaMethod.java:325)
	at org.codehaus.groovy.runtime.metaclass.ClosureMetaClass.invokeMethod(ClosureMetaClass.java:294)
	at groovy.lang.MetaClassImpl.invokeMethod(MetaClassImpl.java:1027)
	at groovy.lang.Closure.call(Closure.java:414)
	at org.codehaus.groovy.runtime.memoize.Memoize$MemoizeFunction.call(Memoize.java:134)
	at groovy.lang.Closure.call(Closure.java:430)
	at nextflow.scm.RepositoryProvider.invokeAndParseResponse(RepositoryProvider.groovy)
	at nextflow.scm.GithubRepositoryProvider.readBytes(GithubRepositoryProvider.groovy:78)
	at nextflow.scm.RepositoryProvider.validateFor(RepositoryProvider.groovy:202)
	at nextflow.scm.AssetManager.checkValidRemoteRepo(AssetManager.groovy:343)
	at nextflow.scm.AssetManager.download(AssetManager.groovy:522)
	at nextflow.scm.AssetManager.download(AssetManager.groovy)
	at nextflow.cli.CmdRun.getScriptFile(CmdRun.groovy:280)
	at nextflow.cli.CmdRun.run(CmdRun.groovy:197)
	at nextflow.cli.Launcher.run(Launcher.groovy:410)
	at nextflow.cli.Launcher.main(Launcher.groovy:564)
Caused by: java.io.FileNotFoundException: https://api.github.com/repos/KevinSayers/NFTest/contents/main.nf
	at sun.net.www.protocol.http.HttpURLConnection.getInputStream0(HttpURLConnection.java:1872)
	at sun.net.www.protocol.http.HttpURLConnection.getInputStream(HttpURLConnection.java:1474)
	at java.net.HttpURLConnection.getResponseCode(HttpURLConnection.java:480)
	at sun.net.www.protocol.https.HttpsURLConnectionImpl.getResponseCode(HttpsURLConnectionImpl.java:338)
	at nextflow.scm.RepositoryProvider.checkResponse(RepositoryProvider.groovy:142)
	at nextflow.scm.RepositoryProvider.invoke(RepositoryProvider.groovy:110)
	... 34 common frames omitted
